<?xml version="1.0" encoding="UTF-8"?>
<testng-results skipped="0" failed="0" ignored="0" total="1" passed="1">
  <reporter-output>
  </reporter-output>
  <suite name="Default suite" duration-ms="15483" started-at="2021-08-31T13:35:30Z" finished-at="2021-08-31T13:35:46Z">
    <groups>
    </groups>
    <test name="Default test" duration-ms="15483" started-at="2021-08-31T13:35:30Z" finished-at="2021-08-31T13:35:46Z">
      <class name="com.saurabh.testcases.DownloadFileConcept">
        <test-method status="PASS" signature="setup()[pri:0, instance:com.saurabh.testcases.DownloadFileConcept@9ba398]" name="setup" is-config="true" duration-ms="1664" started-at="2021-08-31T19:05:30Z" finished-at="2021-08-31T19:05:32Z">
          <reporter-output>
          </reporter-output>
        </test-method> <!-- setup -->
        <test-method status="PASS" signature="downloadFile()[pri:0, instance:com.saurabh.testcases.DownloadFileConcept@9ba398]" name="downloadFile" duration-ms="13236" started-at="2021-08-31T19:05:32Z" finished-at="2021-08-31T19:05:45Z">
          <reporter-output>
          </reporter-output>
        </test-method> <!-- downloadFile -->
        <test-method status="PASS" signature="teardown()[pri:0, instance:com.saurabh.testcases.DownloadFileConcept@9ba398]" name="teardown" is-config="true" duration-ms="570" started-at="2021-08-31T19:05:45Z" finished-at="2021-08-31T19:05:46Z">
          <reporter-output>
          </reporter-output>
        </test-method> <!-- teardown -->
      </class> <!-- com.saurabh.testcases.DownloadFileConcept -->
    </test> <!-- Default test -->
  </suite> <!-- Default suite -->
</testng-results>
